<?xml version="1.0" encoding="UTF-8"?>
<robot generator="Robot 3.1.2 (Python 3.8.0 on win32)" generated="20200102 16:52:00.584" rpa="false">
<suite id="s1" name="TC Using Python" source="C:\Users\KinNg\PycharmProjects\RobotNFS\TestCases\TC_Using_Python.robot">
<test id="s1-t1" name="Testcase create folder">
<kw name="Create Folder at Runtime" library="NFSResourcesPython">
<arguments>
<arg>HELLO1234</arg>
<arg>Testing</arg>
</arguments>
<kw name="Create Folder" library="UserKeywords">
<arguments>
<arg>${foldername}</arg>
</arguments>
<status status="PASS" starttime="20200102 16:52:00.856" endtime="20200102 16:52:00.856"></status>
</kw>
<kw name="Create Sub Folder" library="UserKeywords">
<arguments>
<arg>${subfoldername}</arg>
</arguments>
<status status="PASS" starttime="20200102 16:52:00.856" endtime="20200102 16:52:00.858"></status>
</kw>
<kw name="Log" library="BuiltIn">
<doc>Logs the given message with the given level.</doc>
<arguments>
<arg>"Task Done Successfully"</arg>
</arguments>
<msg timestamp="20200102 16:52:00.858" level="INFO">"Task Done Successfully"</msg>
<status status="PASS" starttime="20200102 16:52:00.858" endtime="20200102 16:52:00.858"></status>
</kw>
<status status="PASS" starttime="20200102 16:52:00.856" endtime="20200102 16:52:00.858"></status>
</kw>
<kw name="Concatenate Username and Password" library="NFSResourcesPython">
<arguments>
<arg>Testing</arg>
<arg>World</arg>
</arguments>
<kw name="Concatenate Two Values" library="UserKeywords">
<arguments>
<arg>${username}</arg>
<arg>${password}</arg>
</arguments>
<assign>
<var>${resultval}</var>
</assign>
<msg timestamp="20200102 16:52:00.859" level="INFO">${resultval} = Testing World</msg>
<status status="PASS" starttime="20200102 16:52:00.859" endtime="20200102 16:52:00.860"></status>
</kw>
<kw name="Log" library="BuiltIn">
<doc>Logs the given message with the given level.</doc>
<arguments>
<arg>${resultval}</arg>
</arguments>
<msg timestamp="20200102 16:52:00.860" level="INFO">Testing World</msg>
<status status="PASS" starttime="20200102 16:52:00.860" endtime="20200102 16:52:00.860"></status>
</kw>
<status status="PASS" starttime="20200102 16:52:00.859" endtime="20200102 16:52:00.860"></status>
</kw>
<status status="PASS" starttime="20200102 16:52:00.853" endtime="20200102 16:52:00.860" critical="yes"></status>
</test>
<status status="PASS" starttime="20200102 16:52:00.584" endtime="20200102 16:52:00.862"></status>
</suite>
<statistics>
<total>
<stat pass="1" fail="0">Critical Tests</stat>
<stat pass="1" fail="0">All Tests</stat>
</total>
<tag>
</tag>
<suite>
<stat pass="1" fail="0" id="s1" name="TC Using Python">TC Using Python</stat>
</suite>
</statistics>
<errors>
</errors>
</robot>
